{"level":"info","message":"App now running on port 3001"}
{"level":"info","message":"::1 - - [20/Nov/2022:00:32:13 +0000] \"GET / HTTP/1.1\" 304 - \"-\" \"Mozilla/5.0 (Windows NT 10.0; Win64; x64) AppleWebKit/537.36 (KHTML, like Gecko) Chrome/106.0.0.0 Safari/537.36\"\n"}
{"level":"info","message":"::1 - - [20/Nov/2022:00:32:14 +0000] \"GET /favicon.ico HTTP/1.1\" 404 61 \"-\" \"Mozilla/5.0 (Windows NT 10.0; Win64; x64) AppleWebKit/537.36 (KHTML, like Gecko) Chrome/106.0.0.0 Safari/537.36\"\n"}
{"level":"info","message":"::1 - - [20/Nov/2022:00:32:45 +0000] \"POST /users HTTP/1.1\" 201 1 \"-\" \"PostmanRuntime/7.29.0\"\n"}
{"level":"info","message":"App now running on port 3001"}
{"level":"info","message":"::1 - - [20/Nov/2022:00:34:34 +0000] \"POST /users HTTP/1.1\" 201 3 \"-\" \"PostmanRuntime/7.29.0\"\n"}
{"level":"info","message":"App now running on port 3001"}
{"level":"info","message":"App now running on port 3001"}
{"level":"info","message":"::1 - - [20/Nov/2022:00:36:02 +0000] \"POST /users HTTP/1.1\" 201 3 \"-\" \"PostmanRuntime/7.29.0\"\n"}
{"level":"info","message":"App now running on port 3001"}
{"date":"Sun Nov 20 2022 01:42:32 GMT+0100 (West Africa Standard Time)","error":{"diagnosticCodes":[7006]},"exception":true,"level":"error","message":"uncaughtException: тип Unable to compile TypeScript:\n\u001b[96msrc/controllers/UserController.ts\u001b[0m:\u001b[93m29\u001b[0m:\u001b[93m81\u001b[0m - \u001b[91merror\u001b[0m\u001b[90m TS7006: \u001b[0mParameter 'user' implicitly has an 'any' type.\r\n\r\n\u001b[7m29\u001b[0m           await db('user').insert({email, firstName, lastName, password}).then((user) => {\r\n\u001b[7m  \u001b[0m \u001b[91m                                                                                ~~~~\u001b[0m\r\n\nTSError: тип Unable to compile TypeScript:\n\u001b[96msrc/controllers/UserController.ts\u001b[0m:\u001b[93m29\u001b[0m:\u001b[93m81\u001b[0m - \u001b[91merror\u001b[0m\u001b[90m TS7006: \u001b[0mParameter 'user' implicitly has an 'any' type.\r\n\r\n\u001b[7m29\u001b[0m           await db('user').insert({email, firstName, lastName, password}).then((user) => {\r\n\u001b[7m  \u001b[0m \u001b[91m                                                                                ~~~~\u001b[0m\r\n\n    at createTSError (C:\\Users\\USER\\Desktop\\lendQrApi\\node_modules\\ts-node\\src\\index.ts:859:12)\n    at reportTSError (C:\\Users\\USER\\Desktop\\lendQrApi\\node_modules\\ts-node\\src\\index.ts:863:19)\n    at getOutput (C:\\Users\\USER\\Desktop\\lendQrApi\\node_modules\\ts-node\\src\\index.ts:1077:36)\n    at Object.compile (C:\\Users\\USER\\Desktop\\lendQrApi\\node_modules\\ts-node\\src\\index.ts:1433:41)\n    at Module.m._compile (C:\\Users\\USER\\Desktop\\lendQrApi\\node_modules\\ts-node\\src\\index.ts:1617:30)\n    at Module._extensions..js (node:internal/modules/cjs/loader:1174:10)\n    at Object.require.extensions.<computed> [as .ts] (C:\\Users\\USER\\Desktop\\lendQrApi\\node_modules\\ts-node\\src\\index.ts:1621:12)\n    at Module.load (node:internal/modules/cjs/loader:998:32)\n    at Function.Module._load (node:internal/modules/cjs/loader:839:12)\n    at Module.require (node:internal/modules/cjs/loader:1022:19)","os":{"loadavg":[0,0,0],"uptime":638953},"process":{"argv":["C:\\Users\\USER\\Desktop\\lendQrApi\\node_modules\\ts-node\\dist\\bin.js","C:\\Users\\USER\\Desktop\\lendQrApi\\src\\index.ts"],"cwd":"C:\\Users\\USER\\Desktop\\lendQrApi","execPath":"C:\\Program Files\\nodejs\\node.exe","gid":null,"memoryUsage":{"arrayBuffers":2660811,"external":4162088,"heapTotal":125337600,"heapUsed":102305144,"rss":159973376},"pid":14304,"uid":null,"version":"v18.7.0"},"stack":"TSError: тип Unable to compile TypeScript:\n\u001b[96msrc/controllers/UserController.ts\u001b[0m:\u001b[93m29\u001b[0m:\u001b[93m81\u001b[0m - \u001b[91merror\u001b[0m\u001b[90m TS7006: \u001b[0mParameter 'user' implicitly has an 'any' type.\r\n\r\n\u001b[7m29\u001b[0m           await db('user').insert({email, firstName, lastName, password}).then((user) => {\r\n\u001b[7m  \u001b[0m \u001b[91m                                                                                ~~~~\u001b[0m\r\n\n    at createTSError (C:\\Users\\USER\\Desktop\\lendQrApi\\node_modules\\ts-node\\src\\index.ts:859:12)\n    at reportTSError (C:\\Users\\USER\\Desktop\\lendQrApi\\node_modules\\ts-node\\src\\index.ts:863:19)\n    at getOutput (C:\\Users\\USER\\Desktop\\lendQrApi\\node_modules\\ts-node\\src\\index.ts:1077:36)\n    at Object.compile (C:\\Users\\USER\\Desktop\\lendQrApi\\node_modules\\ts-node\\src\\index.ts:1433:41)\n    at Module.m._compile (C:\\Users\\USER\\Desktop\\lendQrApi\\node_modules\\ts-node\\src\\index.ts:1617:30)\n    at Module._extensions..js (node:internal/modules/cjs/loader:1174:10)\n    at Object.require.extensions.<computed> [as .ts] (C:\\Users\\USER\\Desktop\\lendQrApi\\node_modules\\ts-node\\src\\index.ts:1621:12)\n    at Module.load (node:internal/modules/cjs/loader:998:32)\n    at Function.Module._load (node:internal/modules/cjs/loader:839:12)\n    at Module.require (node:internal/modules/cjs/loader:1022:19)","trace":[{"column":12,"file":"C:\\Users\\USER\\Desktop\\lendQrApi\\node_modules\\ts-node\\src\\index.ts","function":"createTSError","line":859,"method":null,"native":false},{"column":19,"file":"C:\\Users\\USER\\Desktop\\lendQrApi\\node_modules\\ts-node\\src\\index.ts","function":"reportTSError","line":863,"method":null,"native":false},{"column":36,"file":"C:\\Users\\USER\\Desktop\\lendQrApi\\node_modules\\ts-node\\src\\index.ts","function":"getOutput","line":1077,"method":null,"native":false},{"column":41,"file":"C:\\Users\\USER\\Desktop\\lendQrApi\\node_modules\\ts-node\\src\\index.ts","function":"Object.compile","line":1433,"method":"compile","native":false},{"column":30,"file":"C:\\Users\\USER\\Desktop\\lendQrApi\\node_modules\\ts-node\\src\\index.ts","function":"Module.m._compile","line":1617,"method":"_compile","native":false},{"column":10,"file":"node:internal/modules/cjs/loader","function":"Module._extensions..js","line":1174,"method":".js","native":false},{"column":12,"file":"C:\\Users\\USER\\Desktop\\lendQrApi\\node_modules\\ts-node\\src\\index.ts","function":"Object.require.extensions.<computed> [as .ts]","line":1621,"method":"ts]","native":false},{"column":32,"file":"node:internal/modules/cjs/loader","function":"Module.load","line":998,"method":"load","native":false},{"column":12,"file":"node:internal/modules/cjs/loader","function":"Module._load","line":839,"method":"_load","native":false},{"column":19,"file":"node:internal/modules/cjs/loader","function":"Module.require","line":1022,"method":"require","native":false}]}
{"level":"info","message":"App now running on port 3001"}
{"level":"info","message":"::1 - - [20/Nov/2022:00:44:17 +0000] \"POST /users HTTP/1.1\" 201 3 \"-\" \"PostmanRuntime/7.29.0\"\n"}
{"level":"info","message":"App now running on port 3001"}
{"level":"info","message":"::1 - - [20/Nov/2022:12:06:32 +0000] \"GET /users/etosin70@gmail.com HTTP/1.1\" 200 72 \"-\" \"PostmanRuntime/7.29.0\"\n"}
{"level":"info","message":"App now running on port 3001"}
{"level":"info","message":"App now running on port 3001"}
{"level":"info","message":"App now running on port 3001"}
{"level":"info","message":"::1 - - [20/Nov/2022:12:12:48 +0000] \"GET /users/id HTTP/1.1\" 200 37 \"-\" \"PostmanRuntime/7.29.0\"\n"}
{"level":"info","message":"::1 - - [20/Nov/2022:12:13:03 +0000] \"GET /users/1 HTTP/1.1\" 200 72 \"-\" \"PostmanRuntime/7.29.0\"\n"}
{"level":"info","message":"::1 - - [20/Nov/2022:12:13:22 +0000] \"GET /users/id HTTP/1.1\" 200 37 \"-\" \"PostmanRuntime/7.29.0\"\n"}
{"level":"info","message":"App now running on port 3001"}
{"level":"info","message":"::1 - - [20/Nov/2022:12:21:26 +0000] \"GET /users/1 HTTP/1.1\" 200 72 \"-\" \"PostmanRuntime/7.29.0\"\n"}
{"level":"info","message":"App now running on port 3001"}
{"level":"info","message":"::1 - - [20/Nov/2022:12:26:29 +0000] \"GET /users/1 HTTP/1.1\" 200 72 \"-\" \"PostmanRuntime/7.29.0\"\n"}
{"level":"info","message":"App now running on port 3001"}
{"level":"info","message":"::1 - - [20/Nov/2022:12:27:43 +0000] \"GET /users/1 HTTP/1.1\" 200 72 \"-\" \"PostmanRuntime/7.29.0\"\n"}
{"level":"info","message":"App now running on port 3001"}
{"level":"info","message":"::1 - - [20/Nov/2022:12:28:44 +0000] \"GET /users/1 HTTP/1.1\" 200 2 \"-\" \"PostmanRuntime/7.29.0\"\n"}
{"level":"info","message":"App now running on port 3001"}
{"level":"info","message":"::1 - - [20/Nov/2022:12:29:32 +0000] \"GET /users/1 HTTP/1.1\" 200 32 \"-\" \"PostmanRuntime/7.29.0\"\n"}
{"level":"info","message":"App now running on port 3001"}
{"level":"info","message":"::1 - - [20/Nov/2022:12:30:17 +0000] \"GET /users/1 HTTP/1.1\" 200 182 \"-\" \"PostmanRuntime/7.29.0\"\n"}
{"level":"info","message":"App now running on port 3001"}
{"level":"info","message":"::1 - - [20/Nov/2022:12:33:48 +0000] \"GET /users/1 HTTP/1.1\" 200 182 \"-\" \"PostmanRuntime/7.29.0\"\n"}
{"level":"info","message":"App now running on port 3001"}
{"level":"info","message":"::1 - - [20/Nov/2022:12:35:07 +0000] \"GET /users/1 HTTP/1.1\" 200 180 \"-\" \"PostmanRuntime/7.29.0\"\n"}
{"level":"info","message":"App now running on port 3001"}
{"level":"info","message":"::1 - - [20/Nov/2022:22:52:37 +0000] \"POST /users HTTP/1.1\" 201 1 \"-\" \"PostmanRuntime/7.29.0\"\n"}
{"level":"info","message":"App now running on port 3001"}
{"level":"info","message":"::1 - - [20/Nov/2022:22:54:04 +0000] \"POST /users HTTP/1.1\" 201 1 \"-\" \"PostmanRuntime/7.29.0\"\n"}
